<?xml version="1.0" encoding="UTF-8"?>
<testsuite name="testClean.ChangePasswordTest" tests="1" skipped="0" failures="0" errors="0" timestamp="2021-03-26T11:28:29" hostname="DESKTOP-JQR5GBU" time="41.231">
  <properties/>
  <testcase name="verify_change_password_todoly" classname="testClean.ChangePasswordTest" time="41.231"/>
  <system-out><![CDATA[]]></system-out>
  <system-err><![CDATA[Starting ChromeDriver 89.0.4389.23 (61b08ee2c50024bab004e48d2b1b083cdbdac579-refs/branch-heads/4389@{#294}) on port 5407
Only local connections are allowed.
Please see https://chromedriver.chromium.org/security-considerations for suggestions on keeping ChromeDriver safe.
ChromeDriver was started successfully.
mar 26, 2021 7:28:43 AM org.openqa.selenium.remote.ProtocolHandshake createSession
INFORMACIÓN: Detected dialect: W3C
]]></system-err>
</testsuite>
